Post Processor Report
OrCAD FILE: C:\DOCUMENTS AND SETTINGS\LUIS V\DESKTOP\ODESK\CENTERUS\AVALON2\BCMINER V2-1.MAX
Sat Nov 23 16:57:47 2013

*********************************************************

Output file: C:\DOCUMENTS AND SETTINGS\LUIS V\DESKTOP\ODESK\CENTERUS\AVALON2\BCMINER V2-1.TOP

Aperture totals for C:\DOCUMENTS AND SETTINGS\LUIS V\DESKTOP\ODESK\CENTERUS\AVALON2\BCMINER V2-1.TOP:
---------------------------------------------------------
D10:  0.1023 x 0.0945 RECTANGLE -----       2 Flashes
D11:  0.0315 x 0.0354 RECTANGLE -----      10 Flashes
D12:  0.0669 x 0.0433 RECTANGLE -----       2 Flashes
D13:  0.0787 x 0.1378 RECTANGLE -----       6 Flashes
D14:  0.1023 x 0.0433 RECTANGLE -----       4 Flashes
D15:  0.0551 x 0.0433 RECTANGLE -----       6 Flashes
D16:  0.0354 x 0.0315 RECTANGLE -----       4 Flashes
D17:  0.0945 x 0.1023 RECTANGLE -----       2 Flashes
D18:  0.0433 x 0.1023 RECTANGLE -----       4 Flashes
D19:  0.0433 x 0.0551 RECTANGLE -----       4 Flashes
D20:  0.0433 x 0.0669 RECTANGLE -----       4 Flashes
D21:  0.0197 x 0.0236 RECTANGLE -----     152 Flashes
D22:  0.0236 x 0.0197 RECTANGLE -----     116 Flashes
D23:  0.0630 x 0.0708 RECTANGLE -----       4 Flashes
D24:  0.0866 x 0.0500 RECTANGLE -----       5 Flashes
D25:  0.1575 ROUND  --       0 Draws,       4 Flashes
D26:  0.0500 x 0.0866 RECTANGLE -----       6 Flashes
D27:  0.1949 x 0.1161 RECTANGLE -----       2 Flashes
D28:  0.0236 SQUARE --       0 Draws,      62 Flashes
D29:  0.0394 ROUND  --       0 Draws,       1 Flashes
D30:  0.2362 ROUND  --       0 Draws,       6 Flashes
D31:  0.0236 ROUND  --       0 Draws,       4 Flashes
D32:  0.0275 x 0.0453 RECTANGLE -----       8 Flashes
D33:  0.0453 x 0.0275 RECTANGLE -----       8 Flashes
D34:  0.0354 x 0.0275 RECTANGLE -----      16 Flashes
D35:  0.0275 x 0.0354 RECTANGLE -----      10 Flashes
D36:  0.0300 ROUND  --       0 Draws,       8 Flashes
D37:  0.0590 ROUND  --       0 Draws,       8 Flashes
D38:  0.0100 ROUND  --       0 Draws,       2 Flashes
D39:  0.0110 ROUND  --       0 Draws,       1 Flashes
D40:  0.0334 x 0.0110 RECTANGLE -----      10 Flashes
D41:  0.0925 x 0.0630 RECTANGLE -----       1 Flashes
D42:  0.0098 x 0.0236 RECTANGLE -----       8 Flashes
D43:  0.2205 SQUARE --       0 Draws,      10 Flashes
D44:  0.0110 x 0.0315 OBLONG    -----     240 Flashes
D45:  0.0315 x 0.0110 OBLONG    -----     240 Flashes
D46:  0.0256 x 0.0157 RECTANGLE -----      12 Flashes
D47:  0.0630 x 0.0787 RECTANGLE -----       1 Flashes
D48:  0.0236 x 0.0098 RECTANGLE -----      10 Flashes
D49:  0.1673 SQUARE --       0 Draws,       1 Flashes
D50:  0.0146 x 0.0394 RECTANGLE -----      14 Flashes
D51:  0.0394 x 0.0146 RECTANGLE -----      14 Flashes
D52:  0.0118 x 0.0610 RECTANGLE -----      14 Flashes
D53:  0.0295 x 0.0098 RECTANGLE -----      16 Flashes
D54:  0.0354 x 0.0157 RECTANGLE -----       5 Flashes
D55:  0.0669 x 0.0590 RECTANGLE -----       4 Flashes
D56:  0.0200 ROUND  --       0 Draws,     652 Flashes
D57:  0.0010 ROUND  --    2407 Draws,       0 Flashes
D58:  0.0080 ROUND  --     228 Draws,       0 Flashes
D59:  0.0020 ROUND  --   25278 Draws,       0 Flashes
D60:  0.0100 ROUND  --     123 Draws,       0 Flashes
D61:  0.0110 ROUND  --    1400 Draws,     108 Flashes
D62:  0.0200 ROUND  --       0 Draws,     126 Flashes
D63:  0.0250 ROUND  --       4 Draws,       0 Flashes
D64:  0.0300 ROUND  --      22 Draws,       0 Flashes
D65:  0.0200 ROUND  --      82 Draws,       0 Flashes
---------------------------------------------------------
 56 D-Codes      -----   29544 Draws,    1957 Flashes

*********************************************************

Output file: C:\DOCUMENTS AND SETTINGS\LUIS V\DESKTOP\ODESK\CENTERUS\AVALON2\BCMINER V2-1.BOT

Aperture totals for C:\DOCUMENTS AND SETTINGS\LUIS V\DESKTOP\ODESK\CENTERUS\AVALON2\BCMINER V2-1.BOT:
---------------------------------------------------------
D59:  0.0020 ROUND  --   17408 Draws,       0 Flashes
D60:  0.0100 ROUND  --       4 Draws,       0 Flashes
D65:  0.0200 ROUND  --      87 Draws,       0 Flashes
D66:  0.1575 ROUND  --       0 Draws,       4 Flashes
D67:  0.2362 ROUND  --       0 Draws,       6 Flashes
D68:  0.0200 ROUND  --       0 Draws,     652 Flashes
D69:  0.0200 ROUND  --       0 Draws,      88 Flashes
D70:  0.0200 ROUND  --       0 Draws,      38 Flashes
---------------------------------------------------------
  8 D-Codes      -----   17499 Draws,     788 Flashes

*********************************************************

Output file: C:\DOCUMENTS AND SETTINGS\LUIS V\DESKTOP\ODESK\CENTERUS\AVALON2\BCMINER V2-1.IN1

Aperture totals for C:\DOCUMENTS AND SETTINGS\LUIS V\DESKTOP\ODESK\CENTERUS\AVALON2\BCMINER V2-1.IN1:
---------------------------------------------------------
D58:  0.0080 ROUND  --      10 Draws,       0 Flashes
D59:  0.0020 ROUND  --   19649 Draws,       0 Flashes
D60:  0.0100 ROUND  --       6 Draws,       0 Flashes
D61:  0.0110 ROUND  --      57 Draws,       0 Flashes
D62:  0.0200 ROUND  --       0 Draws,      82 Flashes
D64:  0.0300 ROUND  --      32 Draws,       0 Flashes
D65:  0.0200 ROUND  --     107 Draws,       0 Flashes
D66:  0.1575 ROUND  --       0 Draws,       4 Flashes
D67:  0.2362 ROUND  --       0 Draws,       6 Flashes
D68:  0.0200 ROUND  --       0 Draws,     652 Flashes
D69:  0.0200 ROUND  --       0 Draws,      34 Flashes
D70:  0.0200 ROUND  --       0 Draws,      10 Flashes
D71:  0.2205 SQUARE --       0 Draws,      10 Flashes
---------------------------------------------------------
 13 D-Codes      -----   19861 Draws,     798 Flashes

*********************************************************

Output file: C:\DOCUMENTS AND SETTINGS\LUIS V\DESKTOP\ODESK\CENTERUS\AVALON2\BCMINER V2-1.IN2

Aperture totals for C:\DOCUMENTS AND SETTINGS\LUIS V\DESKTOP\ODESK\CENTERUS\AVALON2\BCMINER V2-1.IN2:
---------------------------------------------------------
D57:  0.0010 ROUND  --     390 Draws,       0 Flashes
D58:  0.0080 ROUND  --    3056 Draws,       0 Flashes
D60:  0.0100 ROUND  --       7 Draws,       0 Flashes
D61:  0.0110 ROUND  --     247 Draws,       0 Flashes
D62:  0.0200 ROUND  --       0 Draws,     115 Flashes
D64:  0.0300 ROUND  --       6 Draws,       0 Flashes
D65:  0.0200 ROUND  --     272 Draws,       0 Flashes
D66:  0.1575 ROUND  --       0 Draws,       4 Flashes
D67:  0.2362 ROUND  --       0 Draws,       6 Flashes
D68:  0.0200 ROUND  --       0 Draws,     652 Flashes
D69:  0.0200 ROUND  --       0 Draws,       2 Flashes
D70:  0.0200 ROUND  --       0 Draws,       9 Flashes
D71:  0.2205 SQUARE --       0 Draws,      10 Flashes
D72:  0.0180 ROUND  --      13 Draws,       0 Flashes
---------------------------------------------------------
 14 D-Codes      -----    3991 Draws,     798 Flashes

*********************************************************

Output file: C:\DOCUMENTS AND SETTINGS\LUIS V\DESKTOP\ODESK\CENTERUS\AVALON2\BCMINER V2-1.SMT

Aperture totals for C:\DOCUMENTS AND SETTINGS\LUIS V\DESKTOP\ODESK\CENTERUS\AVALON2\BCMINER V2-1.SMT:
---------------------------------------------------------
D57:  0.0010 ROUND  --    1992 Draws,       0 Flashes
D65:  0.0200 ROUND  --      80 Draws,       0 Flashes
D73:  0.1063 x 0.0984 RECTANGLE -----       2 Flashes
D74:  0.0394 x 0.0433 RECTANGLE -----      10 Flashes
D75:  0.0748 x 0.0512 RECTANGLE -----       2 Flashes
D76:  0.0866 x 0.1457 RECTANGLE -----       6 Flashes
D77:  0.1142 x 0.0512 RECTANGLE -----       4 Flashes
D78:  0.0630 x 0.0512 RECTANGLE -----       6 Flashes
D79:  0.0433 x 0.0394 RECTANGLE -----       4 Flashes
D80:  0.0984 x 0.1063 RECTANGLE -----       2 Flashes
D81:  0.0512 x 0.1142 RECTANGLE -----       4 Flashes
D82:  0.0512 x 0.0630 RECTANGLE -----       4 Flashes
D83:  0.0512 x 0.0748 RECTANGLE -----       4 Flashes
D84:  0.0275 x 0.0315 RECTANGLE -----     152 Flashes
D85:  0.0315 x 0.0275 RECTANGLE -----     116 Flashes
D86:  0.0649 x 0.0728 RECTANGLE -----       4 Flashes
D87:  0.0905 x 0.0539 RECTANGLE -----       5 Flashes
D88:  0.1614 ROUND  --       0 Draws,       4 Flashes
D89:  0.0539 x 0.0905 RECTANGLE -----       6 Flashes
D90:  0.1988 x 0.1201 RECTANGLE -----       2 Flashes
D91:  0.0315 SQUARE --       0 Draws,      62 Flashes
D92:  0.0787 ROUND  --       0 Draws,       1 Flashes
D93:  0.2441 ROUND  --       0 Draws,       6 Flashes
D94:  0.0334 x 0.0512 RECTANGLE -----       8 Flashes
D95:  0.0512 x 0.0334 RECTANGLE -----       8 Flashes
D96:  0.0433 x 0.0354 RECTANGLE -----      16 Flashes
D97:  0.0354 x 0.0433 RECTANGLE -----      10 Flashes
D98:  0.0379 ROUND  --       0 Draws,       8 Flashes
D99:  0.0630 ROUND  --       0 Draws,       8 Flashes
D100: 0.0160 ROUND  --       0 Draws,       2 Flashes
D101: 0.0362 x 0.0138 RECTANGLE -----      10 Flashes
D102: 0.0964 x 0.0669 RECTANGLE -----       1 Flashes
D103: 0.0138 x 0.0275 RECTANGLE -----       8 Flashes
D104: 0.2264 SQUARE --       0 Draws,      10 Flashes
D105: 0.0169 x 0.0374 OBLONG    -----     240 Flashes
D106: 0.0374 x 0.0169 OBLONG    -----     240 Flashes
D107: 0.0295 x 0.0197 RECTANGLE -----      12 Flashes
D108: 0.0669 x 0.0827 RECTANGLE -----       1 Flashes
D109: 0.0275 x 0.0138 RECTANGLE -----      10 Flashes
D110: 0.1732 SQUARE --       0 Draws,       1 Flashes
D111: 0.0205 x 0.0453 RECTANGLE -----      14 Flashes
D112: 0.0453 x 0.0205 RECTANGLE -----      14 Flashes
D113: 0.0177 x 0.0669 RECTANGLE -----      14 Flashes
D114: 0.0315 x 0.0118 RECTANGLE -----      16 Flashes
D115: 0.0374 x 0.0177 RECTANGLE -----       5 Flashes
D116: 0.0748 x 0.0669 RECTANGLE -----       4 Flashes
---------------------------------------------------------
 46 D-Codes      -----    2072 Draws,    1066 Flashes

*********************************************************

Output file: C:\DOCUMENTS AND SETTINGS\LUIS V\DESKTOP\ODESK\CENTERUS\AVALON2\BCMINER V2-1.SMB

Aperture totals for C:\DOCUMENTS AND SETTINGS\LUIS V\DESKTOP\ODESK\CENTERUS\AVALON2\BCMINER V2-1.SMB:
---------------------------------------------------------
D57:  0.0010 ROUND  --    5960 Draws,       0 Flashes
D65:  0.0200 ROUND  --     100 Draws,       0 Flashes
D88:  0.1614 ROUND  --       0 Draws,       4 Flashes
D93:  0.2441 ROUND  --       0 Draws,       6 Flashes
---------------------------------------------------------
  4 D-Codes      -----    6060 Draws,      10 Flashes

*********************************************************

Output file: C:\DOCUMENTS AND SETTINGS\LUIS V\DESKTOP\ODESK\CENTERUS\AVALON2\BCMINER V2-1.SPT

Aperture totals for C:\DOCUMENTS AND SETTINGS\LUIS V\DESKTOP\ODESK\CENTERUS\AVALON2\BCMINER V2-1.SPT:
---------------------------------------------------------
D57:  0.0010 ROUND  --    3774 Draws,       0 Flashes
D65:  0.0200 ROUND  --      83 Draws,       0 Flashes
D66:  0.1575 ROUND  --       0 Draws,       4 Flashes
D67:  0.2362 ROUND  --       0 Draws,       6 Flashes
D92:  0.0787 ROUND  --       0 Draws,       1 Flashes
D117: 0.1023 x 0.0945 RECTANGLE -----       2 Flashes
D118: 0.0315 x 0.0354 RECTANGLE -----      10 Flashes
D119: 0.0669 x 0.0433 RECTANGLE -----       2 Flashes
D120: 0.0787 x 0.1378 RECTANGLE -----       6 Flashes
D121: 0.1023 x 0.0433 RECTANGLE -----       4 Flashes
D122: 0.0551 x 0.0433 RECTANGLE -----       6 Flashes
D123: 0.0354 x 0.0315 RECTANGLE -----       4 Flashes
D124: 0.0945 x 0.1023 RECTANGLE -----       2 Flashes
D125: 0.0433 x 0.1023 RECTANGLE -----       4 Flashes
D126: 0.0433 x 0.0551 RECTANGLE -----       4 Flashes
D127: 0.0433 x 0.0669 RECTANGLE -----       4 Flashes
D128: 0.0197 x 0.0236 RECTANGLE -----     152 Flashes
D129: 0.0236 x 0.0197 RECTANGLE -----     116 Flashes
D130: 0.0630 x 0.0708 RECTANGLE -----       4 Flashes
D131: 0.0866 x 0.0500 RECTANGLE -----       5 Flashes
D132: 0.0500 x 0.0866 RECTANGLE -----       6 Flashes
D133: 0.1949 x 0.1161 RECTANGLE -----       2 Flashes
D134: 0.0236 SQUARE --       0 Draws,      62 Flashes
D135: 0.0236 x 0.0413 RECTANGLE -----       8 Flashes
D136: 0.0413 x 0.0236 RECTANGLE -----       8 Flashes
D137: 0.0354 x 0.0275 RECTANGLE -----      16 Flashes
D138: 0.0275 x 0.0354 RECTANGLE -----      10 Flashes
D139: 0.0300 ROUND  --       0 Draws,       8 Flashes
D140: 0.0590 ROUND  --       0 Draws,       8 Flashes
D141: 0.0100 ROUND  --       0 Draws,       2 Flashes
D142: 0.0315 x 0.0090 RECTANGLE -----      10 Flashes
D143: 0.0925 x 0.0630 RECTANGLE -----       1 Flashes
D144: 0.0098 x 0.0236 RECTANGLE -----       8 Flashes
D145: 0.2165 SQUARE --       0 Draws,      10 Flashes
D146: 0.0071 x 0.0275 OBLONG    -----     240 Flashes
D147: 0.0275 x 0.0071 OBLONG    -----     240 Flashes
D148: 0.0256 x 0.0157 RECTANGLE -----      12 Flashes
D149: 0.0630 x 0.0787 RECTANGLE -----       1 Flashes
D150: 0.0236 x 0.0098 RECTANGLE -----      10 Flashes
D151: 0.1673 SQUARE --       0 Draws,       1 Flashes
D152: 0.0146 x 0.0394 RECTANGLE -----      14 Flashes
D153: 0.0394 x 0.0146 RECTANGLE -----      14 Flashes
D154: 0.0118 x 0.0610 RECTANGLE -----      14 Flashes
D155: 0.0295 x 0.0098 RECTANGLE -----      16 Flashes
D156: 0.0354 x 0.0157 RECTANGLE -----       5 Flashes
D157: 0.0669 x 0.0590 RECTANGLE -----       4 Flashes
---------------------------------------------------------
 46 D-Codes      -----    3857 Draws,    1066 Flashes

*********************************************************

Output file: C:\DOCUMENTS AND SETTINGS\LUIS V\DESKTOP\ODESK\CENTERUS\AVALON2\BCMINER V2-1.SST

Aperture totals for C:\DOCUMENTS AND SETTINGS\LUIS V\DESKTOP\ODESK\CENTERUS\AVALON2\BCMINER V2-1.SST:
---------------------------------------------------------
D57:  0.0010 ROUND  --     374 Draws,       0 Flashes
D60:  0.0100 ROUND  --     302 Draws,       0 Flashes
D65:  0.0200 ROUND  --      73 Draws,       0 Flashes
D158: 0.0157 ROUND  --      36 Draws,       0 Flashes
D159: 0.0039 ROUND  --    5529 Draws,       0 Flashes
D160: 0.0079 ROUND  --     207 Draws,       0 Flashes
D161: 0.0059 ROUND  --      64 Draws,       0 Flashes
D162: 0.0098 ROUND  --      24 Draws,       0 Flashes
---------------------------------------------------------
  8 D-Codes      -----    6609 Draws,       0 Flashes

*********************************************************

Output file: C:\DOCUMENTS AND SETTINGS\LUIS V\DESKTOP\ODESK\CENTERUS\AVALON2\BCMINER V2-1.AST

Aperture totals for C:\DOCUMENTS AND SETTINGS\LUIS V\DESKTOP\ODESK\CENTERUS\AVALON2\BCMINER V2-1.AST:
---------------------------------------------------------
D57:  0.0010 ROUND  --    1718 Draws,       0 Flashes
D60:  0.0100 ROUND  --      98 Draws,       0 Flashes
D65:  0.0200 ROUND  --     131 Draws,       0 Flashes
D67:  0.2362 ROUND  --       0 Draws,       6 Flashes
D158: 0.0157 ROUND  --      36 Draws,       0 Flashes
D159: 0.0039 ROUND  --    6257 Draws,       0 Flashes
D162: 0.0098 ROUND  --      28 Draws,       0 Flashes
---------------------------------------------------------
  7 D-Codes      -----    8268 Draws,       6 Flashes

*********************************************************

Output file: C:\DOCUMENTS AND SETTINGS\LUIS V\DESKTOP\ODESK\CENTERUS\AVALON2\BCMINER V2-1.DRD

Aperture totals for C:\DOCUMENTS AND SETTINGS\LUIS V\DESKTOP\ODESK\CENTERUS\AVALON2\BCMINER V2-1.DRD:
---------------------------------------------------------
D60:  0.0100 ROUND  --    2081 Draws,       0 Flashes
D65:  0.0200 ROUND  --      45 Draws,       0 Flashes
D159: 0.0039 ROUND  --     123 Draws,       0 Flashes
---------------------------------------------------------
  3 D-Codes      -----    2249 Draws,       0 Flashes

*********************************************************

Output file: C:\DOCUMENTS AND SETTINGS\LUIS V\DESKTOP\ODESK\CENTERUS\AVALON2\BCMINER V2-1.FAB

Aperture totals for C:\DOCUMENTS AND SETTINGS\LUIS V\DESKTOP\ODESK\CENTERUS\AVALON2\BCMINER V2-1.FAB:
---------------------------------------------------------
D60:  0.0100 ROUND  --       4 Draws,       0 Flashes
---------------------------------------------------------
  1 D-Codes      -----       4 Draws,       0 Flashes


*********************************************************

Aperture totals for entire project:
---------------------------------------------------------
D10:  0.1023 x 0.0945 RECTANGLE -----       2 Flashes
D11:  0.0315 x 0.0354 RECTANGLE -----      10 Flashes
D12:  0.0669 x 0.0433 RECTANGLE -----       2 Flashes
D13:  0.0787 x 0.1378 RECTANGLE -----       6 Flashes
D14:  0.1023 x 0.0433 RECTANGLE -----       4 Flashes
D15:  0.0551 x 0.0433 RECTANGLE -----       6 Flashes
D16:  0.0354 x 0.0315 RECTANGLE -----       4 Flashes
D17:  0.0945 x 0.1023 RECTANGLE -----       2 Flashes
D18:  0.0433 x 0.1023 RECTANGLE -----       4 Flashes
D19:  0.0433 x 0.0551 RECTANGLE -----       4 Flashes
D20:  0.0433 x 0.0669 RECTANGLE -----       4 Flashes
D21:  0.0197 x 0.0236 RECTANGLE -----     152 Flashes
D22:  0.0236 x 0.0197 RECTANGLE -----     116 Flashes
D23:  0.0630 x 0.0708 RECTANGLE -----       4 Flashes
D24:  0.0866 x 0.0500 RECTANGLE -----       5 Flashes
D25:  0.1575 ROUND  --       0 Draws,       4 Flashes
D26:  0.0500 x 0.0866 RECTANGLE -----       6 Flashes
D27:  0.1949 x 0.1161 RECTANGLE -----       2 Flashes
D28:  0.0236 SQUARE --       0 Draws,      62 Flashes
D29:  0.0394 ROUND  --       0 Draws,       1 Flashes
D30:  0.2362 ROUND  --       0 Draws,       6 Flashes
D31:  0.0236 ROUND  --       0 Draws,       4 Flashes
D32:  0.0275 x 0.0453 RECTANGLE -----       8 Flashes
D33:  0.0453 x 0.0275 RECTANGLE -----       8 Flashes
D34:  0.0354 x 0.0275 RECTANGLE -----      16 Flashes
D35:  0.0275 x 0.0354 RECTANGLE -----      10 Flashes
D36:  0.0300 ROUND  --       0 Draws,       8 Flashes
D37:  0.0590 ROUND  --       0 Draws,       8 Flashes
D38:  0.0100 ROUND  --       0 Draws,       2 Flashes
D39:  0.0110 ROUND  --       0 Draws,       1 Flashes
D40:  0.0334 x 0.0110 RECTANGLE -----      10 Flashes
D41:  0.0925 x 0.0630 RECTANGLE -----       1 Flashes
D42:  0.0098 x 0.0236 RECTANGLE -----       8 Flashes
D43:  0.2205 SQUARE --       0 Draws,      10 Flashes
D44:  0.0110 x 0.0315 OBLONG    -----     240 Flashes
D45:  0.0315 x 0.0110 OBLONG    -----     240 Flashes
D46:  0.0256 x 0.0157 RECTANGLE -----      12 Flashes
D47:  0.0630 x 0.0787 RECTANGLE -----       1 Flashes
D48:  0.0236 x 0.0098 RECTANGLE -----      10 Flashes
D49:  0.1673 SQUARE --       0 Draws,       1 Flashes
D50:  0.0146 x 0.0394 RECTANGLE -----      14 Flashes
D51:  0.0394 x 0.0146 RECTANGLE -----      14 Flashes
D52:  0.0118 x 0.0610 RECTANGLE -----      14 Flashes
D53:  0.0295 x 0.0098 RECTANGLE -----      16 Flashes
D54:  0.0354 x 0.0157 RECTANGLE -----       5 Flashes
D55:  0.0669 x 0.0590 RECTANGLE -----       4 Flashes
D56:  0.0200 ROUND  --       0 Draws,     652 Flashes
D57:  0.0010 ROUND  --   16615 Draws,       0 Flashes
D58:  0.0080 ROUND  --    3294 Draws,       0 Flashes
D59:  0.0020 ROUND  --   62335 Draws,       0 Flashes
D60:  0.0100 ROUND  --    2625 Draws,       0 Flashes
D61:  0.0110 ROUND  --    1704 Draws,     108 Flashes
D62:  0.0200 ROUND  --       0 Draws,     323 Flashes
D63:  0.0250 ROUND  --       4 Draws,       0 Flashes
D64:  0.0300 ROUND  --      60 Draws,       0 Flashes
D65:  0.0200 ROUND  --    1060 Draws,       0 Flashes
D66:  0.1575 ROUND  --       0 Draws,      16 Flashes
D67:  0.2362 ROUND  --       0 Draws,      30 Flashes
D68:  0.0200 ROUND  --       0 Draws,    1956 Flashes
D69:  0.0200 ROUND  --       0 Draws,     124 Flashes
D70:  0.0200 ROUND  --       0 Draws,      57 Flashes
D71:  0.2205 SQUARE --       0 Draws,      20 Flashes
D72:  0.0180 ROUND  --      13 Draws,       0 Flashes
D73:  0.1063 x 0.0984 RECTANGLE -----       2 Flashes
D74:  0.0394 x 0.0433 RECTANGLE -----      10 Flashes
D75:  0.0748 x 0.0512 RECTANGLE -----       2 Flashes
D76:  0.0866 x 0.1457 RECTANGLE -----       6 Flashes
D77:  0.1142 x 0.0512 RECTANGLE -----       4 Flashes
D78:  0.0630 x 0.0512 RECTANGLE -----       6 Flashes
D79:  0.0433 x 0.0394 RECTANGLE -----       4 Flashes
D80:  0.0984 x 0.1063 RECTANGLE -----       2 Flashes
D81:  0.0512 x 0.1142 RECTANGLE -----       4 Flashes
D82:  0.0512 x 0.0630 RECTANGLE -----       4 Flashes
D83:  0.0512 x 0.0748 RECTANGLE -----       4 Flashes
D84:  0.0275 x 0.0315 RECTANGLE -----     152 Flashes
D85:  0.0315 x 0.0275 RECTANGLE -----     116 Flashes
D86:  0.0649 x 0.0728 RECTANGLE -----       4 Flashes
D87:  0.0905 x 0.0539 RECTANGLE -----       5 Flashes
D88:  0.1614 ROUND  --       0 Draws,       8 Flashes
D89:  0.0539 x 0.0905 RECTANGLE -----       6 Flashes
D90:  0.1988 x 0.1201 RECTANGLE -----       2 Flashes
D91:  0.0315 SQUARE --       0 Draws,      62 Flashes
D92:  0.0787 ROUND  --       0 Draws,       2 Flashes
D93:  0.2441 ROUND  --       0 Draws,      12 Flashes
D94:  0.0334 x 0.0512 RECTANGLE -----       8 Flashes
D95:  0.0512 x 0.0334 RECTANGLE -----       8 Flashes
D96:  0.0433 x 0.0354 RECTANGLE -----      16 Flashes
D97:  0.0354 x 0.0433 RECTANGLE -----      10 Flashes
D98:  0.0379 ROUND  --       0 Draws,       8 Flashes
D99:  0.0630 ROUND  --       0 Draws,       8 Flashes
D100: 0.0160 ROUND  --       0 Draws,       2 Flashes
D101: 0.0362 x 0.0138 RECTANGLE -----      10 Flashes
D102: 0.0964 x 0.0669 RECTANGLE -----       1 Flashes
D103: 0.0138 x 0.0275 RECTANGLE -----       8 Flashes
D104: 0.2264 SQUARE --       0 Draws,      10 Flashes
D105: 0.0169 x 0.0374 OBLONG    -----     240 Flashes
D106: 0.0374 x 0.0169 OBLONG    -----     240 Flashes
D107: 0.0295 x 0.0197 RECTANGLE -----      12 Flashes
D108: 0.0669 x 0.0827 RECTANGLE -----       1 Flashes
D109: 0.0275 x 0.0138 RECTANGLE -----      10 Flashes
D110: 0.1732 SQUARE --       0 Draws,       1 Flashes
D111: 0.0205 x 0.0453 RECTANGLE -----      14 Flashes
D112: 0.0453 x 0.0205 RECTANGLE -----      14 Flashes
D113: 0.0177 x 0.0669 RECTANGLE -----      14 Flashes
D114: 0.0315 x 0.0118 RECTANGLE -----      16 Flashes
D115: 0.0374 x 0.0177 RECTANGLE -----       5 Flashes
D116: 0.0748 x 0.0669 RECTANGLE -----       4 Flashes
D117: 0.1023 x 0.0945 RECTANGLE -----       2 Flashes
D118: 0.0315 x 0.0354 RECTANGLE -----      10 Flashes
D119: 0.0669 x 0.0433 RECTANGLE -----       2 Flashes
D120: 0.0787 x 0.1378 RECTANGLE -----       6 Flashes
D121: 0.1023 x 0.0433 RECTANGLE -----       4 Flashes
D122: 0.0551 x 0.0433 RECTANGLE -----       6 Flashes
D123: 0.0354 x 0.0315 RECTANGLE -----       4 Flashes
D124: 0.0945 x 0.1023 RECTANGLE -----       2 Flashes
D125: 0.0433 x 0.1023 RECTANGLE -----       4 Flashes
D126: 0.0433 x 0.0551 RECTANGLE -----       4 Flashes
D127: 0.0433 x 0.0669 RECTANGLE -----       4 Flashes
D128: 0.0197 x 0.0236 RECTANGLE -----     152 Flashes
D129: 0.0236 x 0.0197 RECTANGLE -----     116 Flashes
D130: 0.0630 x 0.0708 RECTANGLE -----       4 Flashes
D131: 0.0866 x 0.0500 RECTANGLE -----       5 Flashes
D132: 0.0500 x 0.0866 RECTANGLE -----       6 Flashes
D133: 0.1949 x 0.1161 RECTANGLE -----       2 Flashes
D134: 0.0236 SQUARE --       0 Draws,      62 Flashes
D135: 0.0236 x 0.0413 RECTANGLE -----       8 Flashes
D136: 0.0413 x 0.0236 RECTANGLE -----       8 Flashes
D137: 0.0354 x 0.0275 RECTANGLE -----      16 Flashes
D138: 0.0275 x 0.0354 RECTANGLE -----      10 Flashes
D139: 0.0300 ROUND  --       0 Draws,       8 Flashes
D140: 0.0590 ROUND  --       0 Draws,       8 Flashes
D141: 0.0100 ROUND  --       0 Draws,       2 Flashes
D142: 0.0315 x 0.0090 RECTANGLE -----      10 Flashes
D143: 0.0925 x 0.0630 RECTANGLE -----       1 Flashes
D144: 0.0098 x 0.0236 RECTANGLE -----       8 Flashes
D145: 0.2165 SQUARE --       0 Draws,      10 Flashes
D146: 0.0071 x 0.0275 OBLONG    -----     240 Flashes
D147: 0.0275 x 0.0071 OBLONG    -----     240 Flashes
D148: 0.0256 x 0.0157 RECTANGLE -----      12 Flashes
D149: 0.0630 x 0.0787 RECTANGLE -----       1 Flashes
D150: 0.0236 x 0.0098 RECTANGLE -----      10 Flashes
D151: 0.1673 SQUARE --       0 Draws,       1 Flashes
D152: 0.0146 x 0.0394 RECTANGLE -----      14 Flashes
D153: 0.0394 x 0.0146 RECTANGLE -----      14 Flashes
D154: 0.0118 x 0.0610 RECTANGLE -----      14 Flashes
D155: 0.0295 x 0.0098 RECTANGLE -----      16 Flashes
D156: 0.0354 x 0.0157 RECTANGLE -----       5 Flashes
D157: 0.0669 x 0.0590 RECTANGLE -----       4 Flashes
D158: 0.0157 ROUND  --      72 Draws,       0 Flashes
D159: 0.0039 ROUND  --   11909 Draws,       0 Flashes
D160: 0.0079 ROUND  --     207 Draws,       0 Flashes
D161: 0.0059 ROUND  --      64 Draws,       0 Flashes
D162: 0.0098 ROUND  --      52 Draws,       0 Flashes
---------------------------------------------------------
153 D-Codes      -----  100014 Draws,    6489 Flashes


No warnings or errors.
